Base path: C:/Program Files/Unity/Editor/Data
Pipe name: \\.\pipe\UnityShaderCompiler-64bit-1-1564
Cmd: getPlatforms
Cmd: preprocess
  insize=2924 outsize=830 ok=1
Cmd: compileSnippet
  api=1 type=0 insize=2398 outsize=820 kw= ok=1
Cmd: compileSnippet
  api=1 type=1 insize=2398 outsize=933 kw= ok=1
Cmd: preprocess
  insize=4794 outsize=980 ok=1
Cmd: compileSnippet
  error: 1 plat 1 at (51): implicit truncation of vector type\nCompiling Vertex program
  error: 1 plat 1 at (76): implicit truncation of vector type\nCompiling Vertex program
  error: 2 plat 1 at (79): variable 'o' used without having been completely initialized\nCompiling Vertex program
  api=1 type=0 insize=2211 outsize=0 kw= ok=0
Cmd: preprocess
  insize=493 outsize=493 ok=1
Cmd: preprocess
  insize=2105 outsize=959 ok=1
Cmd: compileSnippet
  api=1 type=0 insize=1447 outsize=173 kw= ok=1
Cmd: compileSnippet
  api=1 type=1 insize=1447 outsize=928 kw= ok=1
Cmd: preprocess
  insize=613 outsize=1493 ok=1
Cmd: compileSnippet
  api=1 type=0 insize=7098 outsize=605 kw=DIRECTIONAL SHADOWS_OFF LIGHTMAP_OFF DIRLIGHTMAP_OFF DYNAMICLIGHTMAP_OFF ok=1
Cmd: compileSnippet
  api=1 type=1 insize=7098 outsize=300 kw=DIRECTIONAL SHADOWS_OFF LIGHTMAP_OFF DIRLIGHTMAP_OFF DYNAMICLIGHTMAP_OFF ok=1
Cmd: compileSnippet
  api=1 type=0 insize=3887 outsize=364 kw=POINT ok=1
Cmd: compileSnippet
  api=1 type=1 insize=3887 outsize=451 kw=POINT ok=1
Cmd: compileSnippet
  api=1 type=0 insize=2971 outsize=293 kw= ok=1
Cmd: compileSnippet
  api=1 type=1 insize=2971 outsize=106 kw= ok=1
Cmd: compileSnippet
  api=1 type=0 insize=6237 outsize=732 kw=LIGHTMAP_OFF DIRLIGHTMAP_OFF DYNAMICLIGHTMAP_OFF HDR_LIGHT_PREPASS_OFF ok=1
Cmd: compileSnippet
  api=1 type=1 insize=6237 outsize=276 kw=LIGHTMAP_OFF DIRLIGHTMAP_OFF DYNAMICLIGHTMAP_OFF HDR_LIGHT_PREPASS_OFF ok=1
Cmd: compileSnippet
  api=1 type=0 insize=6168 outsize=620 kw=LIGHTMAP_OFF DIRLIGHTMAP_OFF DYNAMICLIGHTMAP_OFF HDR_LIGHT_PREPASS_OFF ok=1
Cmd: compileSnippet
  api=1 type=1 insize=6168 outsize=364 kw=LIGHTMAP_OFF DIRLIGHTMAP_OFF DYNAMICLIGHTMAP_OFF HDR_LIGHT_PREPASS_OFF ok=1
Cmd: compileSnippet
  api=1 type=0 insize=3236 outsize=500 kw= ok=1
Cmd: compileSnippet
  api=1 type=1 insize=3236 outsize=760 kw= ok=1
Cmd: preprocess
  insize=452 outsize=452 ok=1
Cmd: preprocess
  insize=2927 outsize=833 ok=1
Cmd: compileSnippet
  api=1 type=0 insize=2398 outsize=820 kw= ok=1
Cmd: compileSnippet
  api=1 type=1 insize=2398 outsize=933 kw= ok=1
Cmd: preprocess
  insize=510 outsize=1505 ok=1
Cmd: compileSnippet
  api=1 type=0 insize=6959 outsize=605 kw=DIRECTIONAL SHADOWS_OFF LIGHTMAP_OFF DIRLIGHTMAP_OFF DYNAMICLIGHTMAP_OFF ok=1
Cmd: compileSnippet
  api=1 type=1 insize=6959 outsize=274 kw=DIRECTIONAL SHADOWS_OFF LIGHTMAP_OFF DIRLIGHTMAP_OFF DYNAMICLIGHTMAP_OFF ok=1
Cmd: compileSnippet
  api=1 type=0 insize=3771 outsize=364 kw=POINT ok=1
Cmd: compileSnippet
  api=1 type=1 insize=3771 outsize=451 kw=POINT ok=1
Cmd: compileSnippet
  api=1 type=0 insize=2855 outsize=293 kw= ok=1
Cmd: compileSnippet
  api=1 type=1 insize=2855 outsize=106 kw= ok=1
Cmd: compileSnippet
  api=1 type=0 insize=6098 outsize=732 kw=LIGHTMAP_OFF DIRLIGHTMAP_OFF DYNAMICLIGHTMAP_OFF HDR_LIGHT_PREPASS_OFF ok=1
Cmd: compileSnippet
  api=1 type=1 insize=6098 outsize=278 kw=LIGHTMAP_OFF DIRLIGHTMAP_OFF DYNAMICLIGHTMAP_OFF HDR_LIGHT_PREPASS_OFF ok=1
Cmd: compileSnippet
  api=1 type=0 insize=6052 outsize=620 kw=LIGHTMAP_OFF DIRLIGHTMAP_OFF DYNAMICLIGHTMAP_OFF HDR_LIGHT_PREPASS_OFF ok=1
Cmd: compileSnippet
  api=1 type=1 insize=6052 outsize=366 kw=LIGHTMAP_OFF DIRLIGHTMAP_OFF DYNAMICLIGHTMAP_OFF HDR_LIGHT_PREPASS_OFF ok=1
Cmd: compileSnippet
  api=1 type=0 insize=3120 outsize=500 kw= ok=1
Cmd: compileSnippet
  api=1 type=1 insize=3120 outsize=371 kw= ok=1
Cmd: preprocess
  insize=1256 outsize=556 ok=1
Cmd: compileSnippet
  api=1 type=0 insize=999 outsize=173 kw= ok=1
Cmd: compileSnippet
  api=1 type=1 insize=999 outsize=109 kw= ok=1
Cmd: preprocess
  insize=2648 outsize=736 ok=1
Cmd: compileSnippet
  error: 1 plat 1 at (52): implicit truncation of vector type\nCompiling Vertex program
  error: 1 plat 1 at (77): implicit truncation of vector type\nCompiling Vertex program
  error: 2 plat 1 at (80): variable 'o' used without having been completely initialized\nCompiling Vertex program
  api=1 type=0 insize=2215 outsize=0 kw= ok=0
Cmd: preprocess
  insize=782 outsize=782 ok=1
Cmd: preprocess
  insize=1898 outsize=953 ok=1
Cmd: compileSnippet
  api=1 type=0 insize=1244 outsize=173 kw= ok=1
Cmd: compileSnippet
  api=1 type=1 insize=1244 outsize=785 kw= ok=1
Cmd: preprocess
  insize=740 outsize=1683 ok=1
Cmd: compileSnippet
  api=1 type=0 insize=7012 outsize=605 kw=DIRECTIONAL SHADOWS_OFF LIGHTMAP_OFF DIRLIGHTMAP_OFF DYNAMICLIGHTMAP_OFF ok=1
Cmd: compileSnippet
  api=1 type=1 insize=7012 outsize=274 kw=DIRECTIONAL SHADOWS_OFF LIGHTMAP_OFF DIRLIGHTMAP_OFF DYNAMICLIGHTMAP_OFF ok=1
Cmd: compileSnippet
  api=1 type=0 insize=3824 outsize=364 kw=POINT ok=1
Cmd: compileSnippet
  api=1 type=1 insize=3824 outsize=451 kw=POINT ok=1
Cmd: compileSnippet
  api=1 type=0 insize=2908 outsize=293 kw= ok=1
Cmd: compileSnippet
  api=1 type=1 insize=2908 outsize=106 kw= ok=1
Cmd: compileSnippet
  api=1 type=0 insize=6151 outsize=732 kw=LIGHTMAP_OFF DIRLIGHTMAP_OFF DYNAMICLIGHTMAP_OFF HDR_LIGHT_PREPASS_OFF ok=1
Cmd: compileSnippet
  api=1 type=1 insize=6151 outsize=278 kw=LIGHTMAP_OFF DIRLIGHTMAP_OFF DYNAMICLIGHTMAP_OFF HDR_LIGHT_PREPASS_OFF ok=1
Cmd: compileSnippet
  api=1 type=0 insize=6105 outsize=620 kw=LIGHTMAP_OFF DIRLIGHTMAP_OFF DYNAMICLIGHTMAP_OFF HDR_LIGHT_PREPASS_OFF ok=1
Cmd: compileSnippet
  api=1 type=1 insize=6105 outsize=366 kw=LIGHTMAP_OFF DIRLIGHTMAP_OFF DYNAMICLIGHTMAP_OFF HDR_LIGHT_PREPASS_OFF ok=1
Cmd: compileSnippet
  api=1 type=0 insize=3173 outsize=500 kw= ok=1
Cmd: compileSnippet
  api=1 type=1 insize=3173 outsize=371 kw= ok=1
Cmd: preprocess
  insize=1725 outsize=1007 ok=1
Cmd: compileSnippet
  api=1 type=0 insize=1020 outsize=169 kw= ok=1
Cmd: compileSnippet
  api=1 type=1 insize=1020 outsize=115 kw= ok=1
Cmd: preprocess
  insize=1567 outsize=984 ok=1
Cmd: compileSnippet
  api=1 type=0 insize=885 outsize=156 kw= ok=1
Cmd: compileSnippet
  api=1 type=1 insize=885 outsize=85 kw= ok=1
Cmd: preprocess
  insize=1588 outsize=401 ok=1
Cmd: compileSnippet
  api=1 type=0 insize=1489 outsize=804 kw= ok=1
Cmd: compileSnippet
  api=1 type=1 insize=1489 outsize=85 kw= ok=1
Cmd: preprocess
  insize=861 outsize=1622 ok=1
Cmd: compileSnippet
  api=1 type=0 insize=7252 outsize=615 kw=DIRECTIONAL SHADOWS_OFF LIGHTMAP_OFF DIRLIGHTMAP_OFF DYNAMICLIGHTMAP_OFF ok=1
Cmd: compileSnippet
  api=1 type=1 insize=7252 outsize=408 kw=DIRECTIONAL SHADOWS_OFF LIGHTMAP_OFF DIRLIGHTMAP_OFF DYNAMICLIGHTMAP_OFF ok=1
Cmd: compileSnippet
  api=1 type=0 insize=4078 outsize=374 kw=POINT ok=1
Cmd: compileSnippet
  api=1 type=1 insize=4078 outsize=579 kw=POINT ok=1
Cmd: compileSnippet
  api=1 type=0 insize=3089 outsize=293 kw= ok=1
Cmd: compileSnippet
  api=1 type=1 insize=3089 outsize=106 kw= ok=1
Cmd: compileSnippet
  api=1 type=0 insize=6406 outsize=742 kw=LIGHTMAP_OFF DIRLIGHTMAP_OFF DYNAMICLIGHTMAP_OFF HDR_LIGHT_PREPASS_OFF ok=1
Cmd: compileSnippet
  api=1 type=1 insize=6406 outsize=412 kw=LIGHTMAP_OFF DIRLIGHTMAP_OFF DYNAMICLIGHTMAP_OFF HDR_LIGHT_PREPASS_OFF ok=1
Cmd: compileSnippet
  api=1 type=0 insize=6359 outsize=630 kw=LIGHTMAP_OFF DIRLIGHTMAP_OFF DYNAMICLIGHTMAP_OFF HDR_LIGHT_PREPASS_OFF ok=1
Cmd: compileSnippet
  api=1 type=1 insize=6359 outsize=500 kw=LIGHTMAP_OFF DIRLIGHTMAP_OFF DYNAMICLIGHTMAP_OFF HDR_LIGHT_PREPASS_OFF ok=1
Cmd: compileSnippet
  api=1 type=0 insize=3427 outsize=510 kw= ok=1
Cmd: compileSnippet
  api=1 type=1 insize=3427 outsize=524 kw= ok=1
Cmd: compileSnippet
  api=1 type=0 insize=541 outsize=832 kw=SHADOWS_DEPTH ok=1
Cmd: compileSnippet
  api=1 type=1 insize=541 outsize=61 kw=SHADOWS_DEPTH ok=1
Cmd: compileSnippet
  api=1 type=0 insize=6810 outsize=580 kw=DIRECTIONAL SHADOWS_OFF LIGHTMAP_OFF DIRLIGHTMAP_OFF DYNAMICLIGHTMAP_OFF ok=1
Cmd: compileSnippet
  api=1 type=1 insize=6810 outsize=263 kw=DIRECTIONAL SHADOWS_OFF LIGHTMAP_OFF DIRLIGHTMAP_OFF DYNAMICLIGHTMAP_OFF ok=1
Cmd: compileSnippet
  api=1 type=0 insize=3647 outsize=339 kw=DIRECTIONAL ok=1
Cmd: compileSnippet
  api=1 type=1 insize=3647 outsize=223 kw=DIRECTIONAL ok=1
Cmd: compileSnippet
  api=1 type=0 insize=1705 outsize=169 kw=SOFTPARTICLES_OFF ok=1
Cmd: compileSnippet
  api=1 type=1 insize=1705 outsize=115 kw=SOFTPARTICLES_OFF ok=1
Cmd: compileSnippet
  api=1 type=0 insize=1642 outsize=169 kw=SOFTPARTICLES_OFF ok=1
Cmd: compileSnippet
  api=1 type=1 insize=1642 outsize=115 kw=SOFTPARTICLES_OFF ok=1
Cmd: compileSnippet
  api=1 type=0 insize=14306 outsize=610 kw=DIRECTIONAL SHADOWS_OFF LIGHTMAP_OFF DIRLIGHTMAP_OFF DYNAMICLIGHTMAP_OFF ok=1
Cmd: compileSnippet
  api=1 type=1 insize=14306 outsize=275 kw=DIRECTIONAL SHADOWS_OFF LIGHTMAP_OFF DIRLIGHTMAP_OFF DYNAMICLIGHTMAP_OFF ok=1
Cmd: compileSnippet
  api=1 type=0 insize=7914 outsize=369 kw=DIRECTIONAL ok=1
Cmd: compileSnippet
  api=1 type=1 insize=7914 outsize=235 kw=DIRECTIONAL ok=1
Cmd: compileSnippet
  api=1 type=0 insize=1706 outsize=169 kw=SOFTPARTICLES_OFF ok=1
Cmd: compileSnippet
  api=1 type=1 insize=1706 outsize=109 kw=SOFTPARTICLES_OFF ok=1
Cmd: compileSnippet
  api=1 type=0 insize=1738 outsize=169 kw=SOFTPARTICLES_OFF ok=1
Cmd: compileSnippet
  api=1 type=1 insize=1738 outsize=161 kw=SOFTPARTICLES_OFF ok=1
Cmd: compileSnippet
  api=1 type=0 insize=3771 outsize=364 kw=DIRECTIONAL ok=1
Cmd: compileSnippet
  api=1 type=1 insize=3771 outsize=234 kw=DIRECTIONAL ok=1
Cmd: compileSnippet
  api=1 type=0 insize=990 outsize=144 kw= ok=1
Cmd: compileSnippet
  api=1 type=1 insize=990 outsize=103 kw= ok=1
Cmd: compileSnippet
  api=1 type=0 insize=1482 outsize=169 kw=SOFTPARTICLES_OFF ok=1
Cmd: compileSnippet
  api=1 type=1 insize=1482 outsize=147 kw=SOFTPARTICLES_OFF ok=1
Cmd: compileSnippet
  api=1 type=0 insize=4078 outsize=374 kw=DIRECTIONAL ok=1
Cmd: compileSnippet
  api=1 type=1 insize=4078 outsize=368 kw=DIRECTIONAL ok=1
Cmd: compileSnippet
  api=1 type=0 insize=1811 outsize=169 kw=SOFTPARTICLES_OFF ok=1
Cmd: compileSnippet
  api=1 type=1 insize=1811 outsize=240 kw=SOFTPARTICLES_OFF ok=1
Cmd: compileSnippet
  api=1 type=0 insize=751 outsize=814 kw=SHADOWS_DEPTH ok=1
Cmd: compileSnippet
  api=1 type=1 insize=751 outsize=65 kw=SHADOWS_DEPTH ok=1
Cmd: compileSnippet
  api=1 type=0 insize=982 outsize=842 kw=DIRECTIONAL SHADOWS_OFF LIGHTMAP_OFF DIRLIGHTMAP_OFF DYNAMICLIGHTMAP_OFF ok=1
Cmd: compileSnippet
  api=1 type=1 insize=982 outsize=3588 kw=DIRECTIONAL SHADOWS_OFF LIGHTMAP_OFF DIRLIGHTMAP_OFF DYNAMICLIGHTMAP_OFF ok=1
Cmd: compileSnippet
  api=1 type=0 insize=938 outsize=808 kw=DIRECTIONAL SHADOWS_OFF ok=1
Cmd: compileSnippet
  api=1 type=1 insize=938 outsize=1916 kw=DIRECTIONAL SHADOWS_OFF ok=1
